<?xml version="1.0" encoding="UTF-8"?>
<!-- Generated by org.testng.reporters.JUnitReportReporter -->
<testsuite skipped="1" hostname="uaannav" name="ua.annav.rest.RestTests" tests="2" failures="0" timestamp="18 дек 2018 22:45:29 GMT" time="1.830" errors="0">
  <testcase name="testCreateIssue" time="1.830" classname="ua.annav.rest.RestTests"/>
  <testcase name="testIssueStatus" classname="ua.annav.rest.RestTests">
    <skipped/>
  </testcase> <!-- testIssueStatus -->
</testsuite> <!-- ua.annav.rest.RestTests -->
