<?xml version="1.0" encoding="UTF-8"?>
<!-- Generated by org.testng.reporters.JUnitReportReporter -->
<testsuite skipped="0" hostname="uaannav" name="ua.av.addressbook.tests.GroupModificationTest" tests="1" failures="0" timestamp="18 дек 2018 23:08:16 GMT" time="2.737" errors="0">
  <testcase name="testGroupModification" time="2.737" classname="ua.av.addressbook.tests.GroupModificationTest"/>
</testsuite> <!-- ua.av.addressbook.tests.GroupModificationTest -->
