<?xml version="1.0" encoding="UTF-8"?>
<testsuite name="ua.av.addressbook.tests.GroupModificationTest" tests="1" skipped="0" failures="0" errors="0" timestamp="2018-11-26T22:24:50" hostname="uaannav" time="3.263">
  <properties/>
  <testcase name="testGroupModification" classname="ua.av.addressbook.tests.GroupModificationTest" time="3.263"/>
  <system-out><![CDATA[]]></system-out>
  <system-err><![CDATA[]]></system-err>
</testsuite>
