<?xml version="1.0" encoding="UTF-8"?>
<testsuite name="ua.av.addressbook.tests.GroupCreationTest" tests="3" skipped="0" failures="0" errors="0" timestamp="2018-11-26T22:24:38" hostname="uaannav" time="11.507">
  <properties/>
  <testcase name="testBadGroupCreation" classname="ua.av.addressbook.tests.GroupCreationTest" time="4.75"/>
  <testcase name="testGroupCreation[0](GroupData{Id='0', gName='Test 0'})" classname="ua.av.addressbook.tests.GroupCreationTest" time="3.157"/>
  <testcase name="testGroupCreation[1](GroupData{Id='0', gName='Test 1'})" classname="ua.av.addressbook.tests.GroupCreationTest" time="3.278"/>
  <system-out><![CDATA[]]></system-out>
  <system-err><![CDATA[]]></system-err>
</testsuite>
