<?xml version="1.0" encoding="UTF-8"?>
<!-- Generated by org.testng.reporters.JUnitReportReporter -->
<testsuite skipped="0" hostname="uaannav" name="ua.av.sanndboxav.EquationTest" tests="6" failures="0" timestamp="18 дек 2018 22:18:41 GMT" time="0.008" errors="0">
  <testcase name="testZero" time="0.000" classname="ua.av.sanndboxav.EquationTest"/>
  <testcase name="test1" time="0.000" classname="ua.av.sanndboxav.EquationTest"/>
  <testcase name="testConstant" time="0.000" classname="ua.av.sanndboxav.EquationTest"/>
  <testcase name="testLiner" time="0.000" classname="ua.av.sanndboxav.EquationTest"/>
  <testcase name="test2" time="0.000" classname="ua.av.sanndboxav.EquationTest"/>
  <testcase name="test0" time="0.008" classname="ua.av.sanndboxav.EquationTest"/>
</testsuite> <!-- ua.av.sanndboxav.EquationTest -->
