<?xml version="1.0" encoding="UTF-8"?>
<!-- Generated by org.testng.reporters.JUnitReportReporter -->
<testsuite skipped="1" hostname="uaannav" name="ua.av.sanndboxav.PrimeTests" tests="4" failures="0" timestamp="18 дек 2018 22:18:41 GMT" time="6.728" errors="0">
  <testcase name="testPrimeFast" time="0.000" classname="ua.av.sanndboxav.PrimeTests"/>
  <testcase name="testPrime" time="6.728" classname="ua.av.sanndboxav.PrimeTests"/>
  <testcase name="testNonPrime" time="0.000" classname="ua.av.sanndboxav.PrimeTests"/>
  <testcase name="testPrimeLong" classname="ua.av.sanndboxav.PrimeTests">
    <skipped/>
  </testcase> <!-- testPrimeLong -->
</testsuite> <!-- ua.av.sanndboxav.PrimeTests -->
