<?xml version="1.0" encoding="UTF-8"?>
<!-- Generated by org.testng.reporters.JUnitReportReporter -->
<testsuite skipped="0" hostname="uaannav" name="ua.av.sanndboxav.DistanceTest" tests="2" failures="0" timestamp="18 дек 2018 22:18:41 GMT" time="0.042" errors="0">
  <testcase name="testDistanceValue" time="0.042" classname="ua.av.sanndboxav.DistanceTest"/>
  <testcase name="testDistanceZero" time="0.000" classname="ua.av.sanndboxav.DistanceTest"/>
</testsuite> <!-- ua.av.sanndboxav.DistanceTest -->
