<?xml version="1.0" encoding="UTF-8"?>
<testsuite name="ua.av.addressbook.tests.ContactCreationTest" tests="1" skipped="0" failures="0" errors="0" timestamp="2018-11-26T23:23:35" hostname="uaannav" time="6.896">
  <properties/>
  <testcase name="testContactCreation[0](ContactData{id=2147483647, firstName='FirstName 0', lastName='LastName 0'})" classname="ua.av.addressbook.tests.ContactCreationTest" time="6.896"/>
  <system-out><![CDATA[]]></system-out>
  <system-err><![CDATA[]]></system-err>
</testsuite>
