<?xml version="1.0" encoding="UTF-8"?>
<testsuite name="ua.av.addressbook.tests.ContactModificationTest" tests="1" skipped="0" failures="0" errors="0" timestamp="2018-11-26T23:23:43" hostname="uaannav" time="5.396">
  <properties/>
  <testcase name="testContactModification" classname="ua.av.addressbook.tests.ContactModificationTest" time="5.396"/>
  <system-out><![CDATA[]]></system-out>
  <system-err><![CDATA[]]></system-err>
</testsuite>
