<?xml version="1.0" encoding="UTF-8"?>
<testsuite name="ua.av.addressbook.tests.GroupDeletionTest" tests="1" skipped="0" failures="0" errors="0" timestamp="2018-11-26T22:01:48" hostname="uaannav" time="1.495">
  <properties/>
  <testcase name="testGroupDeletion" classname="ua.av.addressbook.tests.GroupDeletionTest" time="1.495"/>
  <system-out><![CDATA[]]></system-out>
  <system-err><![CDATA[]]></system-err>
</testsuite>
