<?xml version="1.0" encoding="UTF-8"?>
<testsuite name="ua.av.addressbook.tests.ContactDeletion" tests="1" skipped="0" failures="0" errors="0" timestamp="2018-11-26T22:02:03" hostname="uaannav" time="2.891">
  <properties/>
  <testcase name="testContactDeletion" classname="ua.av.addressbook.tests.ContactDeletion" time="2.891"/>
  <system-out><![CDATA[]]></system-out>
  <system-err><![CDATA[]]></system-err>
</testsuite>
