<?xml version="1.0" encoding="UTF-8"?>
<testsuite name="ua.av.addressbook.tests.ContactDataTest" tests="1" skipped="0" failures="0" errors="0" timestamp="2018-11-26T22:02:06" hostname="uaannav" time="1.416">
  <properties/>
  <testcase name="testContactDataComparison" classname="ua.av.addressbook.tests.ContactDataTest" time="1.416"/>
  <system-out><![CDATA[]]></system-out>
  <system-err><![CDATA[]]></system-err>
</testsuite>
